<?xml version="1.0" encoding="UTF-8"?>
<testng-results ignored="0" total="2" passed="2" failed="0" skipped="0">
  <reporter-output>
  </reporter-output>
  <suite started-at="2022-01-11T12:13:44 EST" name="Suite" finished-at="2022-01-11T12:14:03 EST" duration-ms="19694">
    <groups>
    </groups>
    <test started-at="2022-01-11T12:13:44 EST" name="Test" finished-at="2022-01-11T12:14:03 EST" duration-ms="19694">
      <class name="testCases.AppTest">
        <test-method is-config="true" signature="initializer()[pri:0, instance:testCases.AppTest@6d763516]" started-at="2022-01-11T12:13:44 EST" name="initializer" finished-at="2022-01-11T12:13:47 EST" duration-ms="3638" status="PASS">
          <reporter-output>
          </reporter-output>
        </test-method> <!-- initializer -->
        <test-method signature="LoginIn(java.lang.String,java.lang.String)[pri:0, instance:testCases.AppTest@6d763516]" started-at="2022-01-11T12:13:49 EST" name="LoginIn" data-provider="getData" finished-at="2022-01-11T12:13:56 EST" duration-ms="7029" status="PASS">
          <params>
            <param index="0">
              <value>
                <![CDATA[shashi]]>
              </value>
            </param>
            <param index="1">
              <value>
                <![CDATA[chourasaia]]>
              </value>
            </param>
          </params>
          <reporter-output>
          </reporter-output>
        </test-method> <!-- LoginIn -->
        <test-method signature="LoginIn(java.lang.String,java.lang.String)[pri:0, instance:testCases.AppTest@6d763516]" started-at="2022-01-11T12:13:56 EST" name="LoginIn" data-provider="getData" finished-at="2022-01-11T12:14:01 EST" duration-ms="5340" status="PASS">
          <params>
            <param index="0">
              <value>
                <![CDATA[nishi]]>
              </value>
            </param>
            <param index="1">
              <value>
                <![CDATA[sharma]]>
              </value>
            </param>
          </params>
          <reporter-output>
          </reporter-output>
        </test-method> <!-- LoginIn -->
        <test-method is-config="true" signature="tearDown()[pri:0, instance:testCases.AppTest@6d763516]" started-at="2022-01-11T12:14:01 EST" name="tearDown" finished-at="2022-01-11T12:14:03 EST" duration-ms="2147" status="PASS">
          <reporter-output>
          </reporter-output>
        </test-method> <!-- tearDown -->
      </class> <!-- testCases.AppTest -->
    </test> <!-- Test -->
  </suite> <!-- Suite -->
</testng-results>
